Using pre-set license
Built from '2021.1/china_unity/release' branch; Version is '2021.1.0f1c1 (cd437fc7d72d) revision 13452159'; Using compiler version '192528614'; Build Type 'Release'
OS: 'Windows 10 Pro; OS build 19042.685; Version 2009; 64bit' Language: 'zh' Physical Memory: 8144 MB
BatchMode: 1, IsHumanControllingUs: 0, StartBugReporterOnCrash: 0, Is64bit: 1, IsPro: 0

 COMMAND LINE ARGUMENTS:
C:\Program Files\Unity 2021.1.0f1c1\Editor\Unity.exe
-adb2
-batchMode
-noUpm
-name
AssetImportWorker0
-projectPath
C:/Users/Administrator/gamepra
-logFile
Logs/AssetImportWorker0.log
-srvPort
8991
Successfully changed project path to: C:/Users/Administrator/gamepra
C:/Users/Administrator/gamepra
Using Asset Import Pipeline V2.
Refreshing native plugins compatible for Editor in 99.61 ms, found 2 plugins.
Preloading 0 native plugins for Editor in 0.00 ms.
Initialize engine version: 2021.1.0f1c1 (cd437fc7d72d)
[Subsystems] Discovering subsystems at path C:/Program Files/Unity 2021.1.0f1c1/Editor/Data/Resources/UnitySubsystems
[Subsystems] Discovering subsystems at path C:/Users/Administrator/gamepra/Assets
GfxDevice: creating device client; threaded=0; jobified=0
Direct3D:
    Version:  Direct3D 11.0 [level 11.1]
    Renderer: NVIDIA GeForce GTX 950 (ID=0x1402)
    Vendor:   NVIDIA
    VRAM:     2007 MB
    Driver:   27.21.14.5671
Initialize mono
Mono path[0] = 'C:/Program Files/Unity 2021.1.0f1c1/Editor/Data/Managed'
Mono path[1] = 'C:/Program Files/Unity 2021.1.0f1c1/Editor/Data/MonoBleedingEdge/lib/mono/unityjit'
Mono config path = 'C:/Program Files/Unity 2021.1.0f1c1/Editor/Data/MonoBleedingEdge/etc'
Using monoOptions --debugger-agent=transport=dt_socket,embedding=1,server=y,suspend=n,address=127.0.0.1:56344
Begin MonoManager ReloadAssembly
Registering precompiled unity dll's ...
Register platform support module: C:/Program Files/Unity 2021.1.0f1c1/Editor/Data/PlaybackEngines/WindowsStandaloneSupport/UnityEditor.WindowsStandalone.Extensions.dll
Registered in 0.005870 seconds.
Native extension for WindowsStandalone target not found
Refreshing native plugins compatible for Editor in 99.54 ms, found 2 plugins.
Preloading 0 native plugins for Editor in 0.00 ms.
Mono: successfully reloaded assembly
- Completed reload, in  1.186 seconds
Platform modules already initialized, skipping
Registering precompiled user dll's ...
Registered in 0.006919 seconds.
Begin MonoManager ReloadAssembly
Native extension for WindowsStandalone target not found
Refreshing native plugins compatible for Editor in 0.57 ms, found 2 plugins.
Preloading 0 native plugins for Editor in 0.00 ms.
Mono: successfully reloaded assembly
- Completed reload, in  1.237 seconds
Platform modules already initialized, skipping
========================================================================
Worker process is ready to serve import requests
Launched and connected shader compiler UnityShaderCompiler.exe after 0.08 seconds
Refreshing native plugins compatible for Editor in 0.64 ms, found 2 plugins.
Preloading 0 native plugins for Editor in 0.00 ms.
Unloading 3026 Unused Serialized files (Serialized files now loaded: 0)
System memory in use before: 116.0 MB.
System memory in use after: 116.2 MB.

Unloading 17 unused Assets to reduce memory usage. Loaded Objects now: 3482.
Total: 2.977700 ms (FindLiveObjects: 0.877000 ms CreateObjectMapping: 0.283200 ms MarkObjects: 1.697100 ms  DeleteObjects: 0.119400 ms)

========================================================================
Received Import Request.
  path: Assets/Script/Common/GlobalInit.cs
  artifactKey: Guid(aee2cecb511c9fb49b596066cef9a1db) Importer(815301076,1909f56bfc062723c751e8b465ee728b)
Start importing Assets/Script/Common/GlobalInit.cs using Guid(aee2cecb511c9fb49b596066cef9a1db) Importer(815301076,1909f56bfc062723c751e8b465ee728b)  -> (artifact id: 'de455a5a28858585a86ad94e02c21a39') in 0.035299 seconds 
========================================================================
Received Import Request.
  Time since last request: 0.000425 seconds.
  path: Assets/Script/Common/LogOnSceneCtrl.cs
  artifactKey: Guid(df3b1fa54a0e91749a9c39532fee22dc) Importer(815301076,1909f56bfc062723c751e8b465ee728b)
Start importing Assets/Script/Common/LogOnSceneCtrl.cs using Guid(df3b1fa54a0e91749a9c39532fee22dc) Importer(815301076,1909f56bfc062723c751e8b465ee728b)  -> (artifact id: '8997be30c1888be323b326c9e4e3da5c') in 0.006712 seconds 
========================================================================
Received Prepare
Registering precompiled user dll's ...
Registered in 0.005993 seconds.
Begin MonoManager ReloadAssembly
Native extension for WindowsStandalone target not found
Refreshing native plugins compatible for Editor in 0.60 ms, found 2 plugins.
Preloading 0 native plugins for Editor in 0.00 ms.
Mono: successfully reloaded assembly
- Completed reload, in  1.492 seconds
Platform modules already initialized, skipping
Refreshing native plugins compatible for Editor in 0.61 ms, found 2 plugins.
Preloading 0 native plugins for Editor in 0.00 ms.
Unloading 2988 Unused Serialized files (Serialized files now loaded: 0)
System memory in use before: 113.4 MB.
System memory in use after: 113.6 MB.

Unloading 12 unused Assets to reduce memory usage. Loaded Objects now: 3485.
Total: 2.541600 ms (FindLiveObjects: 0.381600 ms CreateObjectMapping: 0.213100 ms MarkObjects: 1.911900 ms  DeleteObjects: 0.033700 ms)

========================================================================
Received Import Request.
  Time since last request: 63.996243 seconds.
  path: Assets/Script/Common/GlobalInit.cs
  artifactKey: Guid(aee2cecb511c9fb49b596066cef9a1db) Importer(815301076,1909f56bfc062723c751e8b465ee728b)
Start importing Assets/Script/Common/GlobalInit.cs using Guid(aee2cecb511c9fb49b596066cef9a1db) Importer(815301076,1909f56bfc062723c751e8b465ee728b)  -> (artifact id: 'adee6da4f2823c239daec28ac6d5391a') in 0.007813 seconds 
========================================================================
Received Prepare
Registering precompiled user dll's ...
Registered in 0.005392 seconds.
Begin MonoManager ReloadAssembly
Native extension for WindowsStandalone target not found
Refreshing native plugins compatible for Editor in 0.67 ms, found 2 plugins.
Preloading 0 native plugins for Editor in 0.00 ms.
Mono: successfully reloaded assembly
- Completed reload, in  1.160 seconds
Platform modules already initialized, skipping
Refreshing native plugins compatible for Editor in 0.96 ms, found 2 plugins.
Preloading 0 native plugins for Editor in 0.00 ms.
Unloading 2988 Unused Serialized files (Serialized files now loaded: 0)
System memory in use before: 113.4 MB.
System memory in use after: 113.6 MB.

Unloading 12 unused Assets to reduce memory usage. Loaded Objects now: 3488.
Total: 3.530200 ms (FindLiveObjects: 1.037500 ms CreateObjectMapping: 0.474600 ms MarkObjects: 1.962800 ms  DeleteObjects: 0.053400 ms)

========================================================================
Received Import Request.
  Time since last request: 40.293828 seconds.
  path: Assets/Script/Common/GlobalInit.cs
  artifactKey: Guid(aee2cecb511c9fb49b596066cef9a1db) Importer(815301076,1909f56bfc062723c751e8b465ee728b)
Start importing Assets/Script/Common/GlobalInit.cs using Guid(aee2cecb511c9fb49b596066cef9a1db) Importer(815301076,1909f56bfc062723c751e8b465ee728b)  -> (artifact id: '98733a1238b881f4a0cb6b4304f7d488') in 0.008121 seconds 
========================================================================
Received Import Request.
  Time since last request: 36.383918 seconds.
  path: Assets/Script/UI/WindowUIMgr.cs
  artifactKey: Guid(7485f3c15edd6b547bb694bd0f3d1224) Importer(815301076,1909f56bfc062723c751e8b465ee728b)
Start importing Assets/Script/UI/WindowUIMgr.cs using Guid(7485f3c15edd6b547bb694bd0f3d1224) Importer(815301076,1909f56bfc062723c751e8b465ee728b)  -> (artifact id: 'fe9a23416a82228752781d88054f3a6b') in 0.007749 seconds 
========================================================================
Received Prepare
Registering precompiled user dll's ...
Registered in 0.006234 seconds.
Begin MonoManager ReloadAssembly
Native extension for WindowsStandalone target not found
Refreshing native plugins compatible for Editor in 0.74 ms, found 2 plugins.
Preloading 0 native plugins for Editor in 0.00 ms.
Mono: successfully reloaded assembly
- Completed reload, in  1.239 seconds
Platform modules already initialized, skipping
Refreshing native plugins compatible for Editor in 0.65 ms, found 2 plugins.
Preloading 0 native plugins for Editor in 0.00 ms.
Unloading 2988 Unused Serialized files (Serialized files now loaded: 0)
System memory in use before: 113.4 MB.
System memory in use after: 113.7 MB.

Unloading 12 unused Assets to reduce memory usage. Loaded Objects now: 3491.
Total: 2.396200 ms (FindLiveObjects: 0.317600 ms CreateObjectMapping: 0.175700 ms MarkObjects: 1.859300 ms  DeleteObjects: 0.042300 ms)

========================================================================
Received Prepare
Registering precompiled user dll's ...
Registered in 0.005674 seconds.
Begin MonoManager ReloadAssembly
Native extension for WindowsStandalone target not found
Refreshing native plugins compatible for Editor in 0.91 ms, found 2 plugins.
Preloading 0 native plugins for Editor in 0.00 ms.
Mono: successfully reloaded assembly
- Completed reload, in  1.571 seconds
Platform modules already initialized, skipping
Refreshing native plugins compatible for Editor in 0.61 ms, found 2 plugins.
Preloading 0 native plugins for Editor in 0.00 ms.
Unloading 2988 Unused Serialized files (Serialized files now loaded: 0)
System memory in use before: 113.5 MB.
System memory in use after: 113.7 MB.

Unloading 12 unused Assets to reduce memory usage. Loaded Objects now: 3494.
Total: 3.811600 ms (FindLiveObjects: 0.363700 ms CreateObjectMapping: 0.206600 ms MarkObjects: 3.199900 ms  DeleteObjects: 0.039700 ms)

========================================================================
Received Prepare
Registering precompiled user dll's ...
Registered in 0.007090 seconds.
Begin MonoManager ReloadAssembly
Native extension for WindowsStandalone target not found
Refreshing native plugins compatible for Editor in 0.67 ms, found 2 plugins.
Preloading 0 native plugins for Editor in 0.00 ms.
Mono: successfully reloaded assembly
- Completed reload, in  1.510 seconds
Platform modules already initialized, skipping
Refreshing native plugins compatible for Editor in 0.71 ms, found 2 plugins.
Preloading 0 native plugins for Editor in 0.00 ms.
Unloading 2988 Unused Serialized files (Serialized files now loaded: 0)
System memory in use before: 113.5 MB.
System memory in use after: 113.7 MB.

Unloading 12 unused Assets to reduce memory usage. Loaded Objects now: 3497.
Total: 3.329900 ms (FindLiveObjects: 0.428400 ms CreateObjectMapping: 0.446800 ms MarkObjects: 2.429700 ms  DeleteObjects: 0.022600 ms)

========================================================================
Received Prepare
Registering precompiled user dll's ...
Registered in 0.009097 seconds.
Begin MonoManager ReloadAssembly
Native extension for WindowsStandalone target not found
Refreshing native plugins compatible for Editor in 0.66 ms, found 2 plugins.
Preloading 0 native plugins for Editor in 0.00 ms.
Mono: successfully reloaded assembly
- Completed reload, in  1.492 seconds
Platform modules already initialized, skipping
Refreshing native plugins compatible for Editor in 0.66 ms, found 2 plugins.
Preloading 0 native plugins for Editor in 0.00 ms.
Unloading 2988 Unused Serialized files (Serialized files now loaded: 0)
System memory in use before: 113.5 MB.
System memory in use after: 113.7 MB.

Unloading 12 unused Assets to reduce memory usage. Loaded Objects now: 3500.
Total: 4.747100 ms (FindLiveObjects: 0.586400 ms CreateObjectMapping: 1.834900 ms MarkObjects: 2.300100 ms  DeleteObjects: 0.023400 ms)

========================================================================
Received Prepare
Registering precompiled user dll's ...
Registered in 0.006424 seconds.
Begin MonoManager ReloadAssembly
Native extension for WindowsStandalone target not found
Refreshing native plugins compatible for Editor in 0.59 ms, found 2 plugins.
Preloading 0 native plugins for Editor in 0.00 ms.
Mono: successfully reloaded assembly
- Completed reload, in  1.251 seconds
Platform modules already initialized, skipping
Refreshing native plugins compatible for Editor in 0.59 ms, found 2 plugins.
Preloading 0 native plugins for Editor in 0.00 ms.
Unloading 2988 Unused Serialized files (Serialized files now loaded: 0)
System memory in use before: 113.5 MB.
System memory in use after: 113.7 MB.

Unloading 12 unused Assets to reduce memory usage. Loaded Objects now: 3503.
Total: 2.401700 ms (FindLiveObjects: 0.361500 ms CreateObjectMapping: 0.178400 ms MarkObjects: 1.825900 ms  DeleteObjects: 0.034200 ms)

========================================================================
Received Prepare
Registering precompiled user dll's ...
Registered in 0.013030 seconds.
Begin MonoManager ReloadAssembly
Native extension for WindowsStandalone target not found
Refreshing native plugins compatible for Editor in 0.70 ms, found 2 plugins.
Preloading 0 native plugins for Editor in 0.00 ms.
Mono: successfully reloaded assembly
- Completed reload, in  1.599 seconds
Platform modules already initialized, skipping
Refreshing native plugins compatible for Editor in 0.68 ms, found 2 plugins.
Preloading 0 native plugins for Editor in 0.00 ms.
Unloading 2988 Unused Serialized files (Serialized files now loaded: 0)
System memory in use before: 113.5 MB.
System memory in use after: 113.7 MB.

Unloading 12 unused Assets to reduce memory usage. Loaded Objects now: 3506.
Total: 3.117300 ms (FindLiveObjects: 0.354000 ms CreateObjectMapping: 0.200300 ms MarkObjects: 2.535600 ms  DeleteObjects: 0.025800 ms)

========================================================================
Received Prepare
Registering precompiled user dll's ...
Registered in 0.005345 seconds.
Begin MonoManager ReloadAssembly
Native extension for WindowsStandalone target not found
Refreshing native plugins compatible for Editor in 0.76 ms, found 2 plugins.
Preloading 0 native plugins for Editor in 0.00 ms.
Mono: successfully reloaded assembly
- Completed reload, in  1.197 seconds
Platform modules already initialized, skipping
Refreshing native plugins compatible for Editor in 0.62 ms, found 2 plugins.
Preloading 0 native plugins for Editor in 0.00 ms.
Unloading 2988 Unused Serialized files (Serialized files now loaded: 0)
System memory in use before: 113.5 MB.
System memory in use after: 113.7 MB.

Unloading 12 unused Assets to reduce memory usage. Loaded Objects now: 3509.
Total: 7.986600 ms (FindLiveObjects: 0.540200 ms CreateObjectMapping: 0.396800 ms MarkObjects: 7.012700 ms  DeleteObjects: 0.034900 ms)

========================================================================
Received Prepare
Registering precompiled user dll's ...
Registered in 0.006898 seconds.
Begin MonoManager ReloadAssembly
Native extension for WindowsStandalone target not found
Refreshing native plugins compatible for Editor in 0.74 ms, found 2 plugins.
Preloading 0 native plugins for Editor in 0.00 ms.
Mono: successfully reloaded assembly
- Completed reload, in  1.536 seconds
Platform modules already initialized, skipping
Refreshing native plugins compatible for Editor in 0.92 ms, found 2 plugins.
Preloading 0 native plugins for Editor in 0.00 ms.
Unloading 2988 Unused Serialized files (Serialized files now loaded: 0)
System memory in use before: 113.5 MB.
System memory in use after: 113.7 MB.

Unloading 12 unused Assets to reduce memory usage. Loaded Objects now: 3512.
Total: 3.760400 ms (FindLiveObjects: 0.420100 ms CreateObjectMapping: 0.512400 ms MarkObjects: 2.802600 ms  DeleteObjects: 0.023100 ms)

========================================================================
Received Prepare
Registering precompiled user dll's ...
Registered in 0.006186 seconds.
Begin MonoManager ReloadAssembly
Native extension for WindowsStandalone target not found
Refreshing native plugins compatible for Editor in 0.66 ms, found 2 plugins.
Preloading 0 native plugins for Editor in 0.00 ms.
Mono: successfully reloaded assembly
- Completed reload, in  1.593 seconds
Platform modules already initialized, skipping
Refreshing native plugins compatible for Editor in 0.78 ms, found 2 plugins.
Preloading 0 native plugins for Editor in 0.00 ms.
Unloading 2988 Unused Serialized files (Serialized files now loaded: 0)
System memory in use before: 113.5 MB.
System memory in use after: 113.7 MB.

Unloading 12 unused Assets to reduce memory usage. Loaded Objects now: 3515.
Total: 3.130200 ms (FindLiveObjects: 0.620000 ms CreateObjectMapping: 0.256400 ms MarkObjects: 2.207700 ms  DeleteObjects: 0.042600 ms)

========================================================================
Received Prepare
Registering precompiled user dll's ...
Registered in 0.007495 seconds.
Begin MonoManager ReloadAssembly
Native extension for WindowsStandalone target not found
Refreshing native plugins compatible for Editor in 1.08 ms, found 2 plugins.
Preloading 0 native plugins for Editor in 0.00 ms.
Mono: successfully reloaded assembly
- Completed reload, in  1.127 seconds
Platform modules already initialized, skipping
Refreshing native plugins compatible for Editor in 0.73 ms, found 2 plugins.
Preloading 0 native plugins for Editor in 0.00 ms.
Unloading 2988 Unused Serialized files (Serialized files now loaded: 0)
System memory in use before: 113.5 MB.
System memory in use after: 113.8 MB.

Unloading 12 unused Assets to reduce memory usage. Loaded Objects now: 3518.
Total: 2.624100 ms (FindLiveObjects: 0.398000 ms CreateObjectMapping: 0.330800 ms MarkObjects: 1.828500 ms  DeleteObjects: 0.065300 ms)

========================================================================
Received Import Request.
  Time since last request: 1377.183683 seconds.
  path: Assets/Resources/UIPrefab/UIWindows/panLogOn.prefab
  artifactKey: Guid(16f40d821739c5e49b5856ef9e6db218) Importer(815301076,1909f56bfc062723c751e8b465ee728b)
Start importing Assets/Resources/UIPrefab/UIWindows/panLogOn.prefab using Guid(16f40d821739c5e49b5856ef9e6db218) Importer(815301076,1909f56bfc062723c751e8b465ee728b)  -> (artifact id: '49771cc732a2b97426cd6ec19e3c50c0') in 0.067401 seconds 
========================================================================
Received Prepare
Registering precompiled user dll's ...
Registered in 0.005556 seconds.
Begin MonoManager ReloadAssembly
Native extension for WindowsStandalone target not found
Refreshing native plugins compatible for Editor in 0.57 ms, found 2 plugins.
Preloading 0 native plugins for Editor in 0.00 ms.
Mono: successfully reloaded assembly
- Completed reload, in  1.168 seconds
Platform modules already initialized, skipping
Refreshing native plugins compatible for Editor in 0.65 ms, found 2 plugins.
Preloading 0 native plugins for Editor in 0.00 ms.
Unloading 2988 Unused Serialized files (Serialized files now loaded: 0)
System memory in use before: 113.6 MB.
System memory in use after: 113.8 MB.

Unloading 12 unused Assets to reduce memory usage. Loaded Objects now: 3521.
Total: 2.731800 ms (FindLiveObjects: 0.469600 ms CreateObjectMapping: 0.234400 ms MarkObjects: 1.994000 ms  DeleteObjects: 0.032400 ms)

========================================================================
Received Import Request.
  Time since last request: 7.894546 seconds.
  path: Assets/Resources/UIPrefab/UIWindows/panLogOn.prefab
  artifactKey: Guid(16f40d821739c5e49b5856ef9e6db218) Importer(815301076,1909f56bfc062723c751e8b465ee728b)
Start importing Assets/Resources/UIPrefab/UIWindows/panLogOn.prefab using Guid(16f40d821739c5e49b5856ef9e6db218) Importer(815301076,1909f56bfc062723c751e8b465ee728b)  -> (artifact id: '2b5ffefbb2f0fa491372ff5d532653dc') in 0.060865 seconds 
========================================================================
Received Prepare
Registering precompiled user dll's ...
Registered in 0.007962 seconds.
Begin MonoManager ReloadAssembly
Native extension for WindowsStandalone target not found
Refreshing native plugins compatible for Editor in 0.62 ms, found 2 plugins.
Preloading 0 native plugins for Editor in 0.00 ms.
Mono: successfully reloaded assembly
- Completed reload, in  1.644 seconds
Platform modules already initialized, skipping
Refreshing native plugins compatible for Editor in 0.86 ms, found 2 plugins.
Preloading 0 native plugins for Editor in 0.00 ms.
Unloading 2988 Unused Serialized files (Serialized files now loaded: 0)
System memory in use before: 113.6 MB.
System memory in use after: 113.8 MB.

Unloading 12 unused Assets to reduce memory usage. Loaded Objects now: 3524.
Total: 4.027900 ms (FindLiveObjects: 0.798300 ms CreateObjectMapping: 0.539200 ms MarkObjects: 2.656100 ms  DeleteObjects: 0.031600 ms)

========================================================================
Received Import Request.
  Time since last request: 36.119628 seconds.
  path: Assets/Resources/UIPrefab/UIWindows/panLogOn.prefab
  artifactKey: Guid(16f40d821739c5e49b5856ef9e6db218) Importer(815301076,1909f56bfc062723c751e8b465ee728b)
Start importing Assets/Resources/UIPrefab/UIWindows/panLogOn.prefab using Guid(16f40d821739c5e49b5856ef9e6db218) Importer(815301076,1909f56bfc062723c751e8b465ee728b)  -> (artifact id: '98f5ed3bef44b94b05d0138875d3cd10') in 0.083898 seconds 
========================================================================
Received Import Request.
  Time since last request: 10.523279 seconds.
  path: Assets/Resources/UIPrefab/UIWindows/panLogOn.prefab
  artifactKey: Guid(16f40d821739c5e49b5856ef9e6db218) Importer(815301076,1909f56bfc062723c751e8b465ee728b)
Start importing Assets/Resources/UIPrefab/UIWindows/panLogOn.prefab using Guid(16f40d821739c5e49b5856ef9e6db218) Importer(815301076,1909f56bfc062723c751e8b465ee728b)  -> (artifact id: 'd901d230b5fe7756056ce267faa5b354') in 0.018551 seconds 
========================================================================
Received Import Request.
  Time since last request: 14.303960 seconds.
  path: Assets/Resources/UIPrefab/UIWindows/panLogOn.prefab
  artifactKey: Guid(16f40d821739c5e49b5856ef9e6db218) Importer(815301076,1909f56bfc062723c751e8b465ee728b)
Start importing Assets/Resources/UIPrefab/UIWindows/panLogOn.prefab using Guid(16f40d821739c5e49b5856ef9e6db218) Importer(815301076,1909f56bfc062723c751e8b465ee728b)  -> (artifact id: 'fa71568dbf8ede42124444f916f6b9b1') in 0.018677 seconds 
========================================================================
Received Prepare
Registering precompiled user dll's ...
Registered in 0.005802 seconds.
Begin MonoManager ReloadAssembly
Native extension for WindowsStandalone target not found
Refreshing native plugins compatible for Editor in 0.60 ms, found 2 plugins.
Preloading 0 native plugins for Editor in 0.00 ms.
Mono: successfully reloaded assembly
- Completed reload, in  1.180 seconds
Platform modules already initialized, skipping
Refreshing native plugins compatible for Editor in 0.59 ms, found 2 plugins.
Preloading 0 native plugins for Editor in 0.00 ms.
Unloading 2988 Unused Serialized files (Serialized files now loaded: 0)
System memory in use before: 113.6 MB.
System memory in use after: 113.8 MB.

Unloading 12 unused Assets to reduce memory usage. Loaded Objects now: 3527.
Total: 2.626000 ms (FindLiveObjects: 0.386800 ms CreateObjectMapping: 0.194100 ms MarkObjects: 1.993600 ms  DeleteObjects: 0.050200 ms)

========================================================================
Received Import Request.
  Time since last request: 201.884076 seconds.
  path: Assets/Script/UI/WindowUICtrl/UILogOnCtrl.cs
  artifactKey: Guid(67a04a0da7e114f4d83bea29423c0342) Importer(815301076,1909f56bfc062723c751e8b465ee728b)
Start importing Assets/Script/UI/WindowUICtrl/UILogOnCtrl.cs using Guid(67a04a0da7e114f4d83bea29423c0342) Importer(815301076,1909f56bfc062723c751e8b465ee728b)  -> (artifact id: 'dba31950831ae92bad9899287701dfa8') in 0.011062 seconds 
========================================================================
Received Prepare
Registering precompiled user dll's ...
Registered in 0.007584 seconds.
Begin MonoManager ReloadAssembly
Native extension for WindowsStandalone target not found
Refreshing native plugins compatible for Editor in 0.61 ms, found 2 plugins.
Preloading 0 native plugins for Editor in 0.00 ms.
Mono: successfully reloaded assembly
- Completed reload, in  1.224 seconds
Platform modules already initialized, skipping
Refreshing native plugins compatible for Editor in 0.59 ms, found 2 plugins.
Preloading 0 native plugins for Editor in 0.00 ms.
Unloading 2988 Unused Serialized files (Serialized files now loaded: 0)
System memory in use before: 113.6 MB.
System memory in use after: 113.8 MB.

Unloading 12 unused Assets to reduce memory usage. Loaded Objects now: 3530.
Total: 3.341500 ms (FindLiveObjects: 0.448600 ms CreateObjectMapping: 0.277100 ms MarkObjects: 2.573600 ms  DeleteObjects: 0.040600 ms)

========================================================================
Received Import Request.
  Time since last request: 31.694012 seconds.
  path: Assets/Script/UI/WindowUICtrl/UILogOnCtrl.cs
  artifactKey: Guid(67a04a0da7e114f4d83bea29423c0342) Importer(815301076,1909f56bfc062723c751e8b465ee728b)
Start importing Assets/Script/UI/WindowUICtrl/UILogOnCtrl.cs using Guid(67a04a0da7e114f4d83bea29423c0342) Importer(815301076,1909f56bfc062723c751e8b465ee728b)  -> (artifact id: 'bfd5b2021b5a5fea3898bc1f84b45279') in 0.007842 seconds 
========================================================================
Received Prepare
Registering precompiled user dll's ...
Registered in 0.006832 seconds.
Begin MonoManager ReloadAssembly
Native extension for WindowsStandalone target not found
Refreshing native plugins compatible for Editor in 0.60 ms, found 2 plugins.
Preloading 0 native plugins for Editor in 0.00 ms.
Mono: successfully reloaded assembly
- Completed reload, in  1.366 seconds
Platform modules already initialized, skipping
Refreshing native plugins compatible for Editor in 0.61 ms, found 2 plugins.
Preloading 0 native plugins for Editor in 0.00 ms.
Unloading 2988 Unused Serialized files (Serialized files now loaded: 0)
System memory in use before: 113.6 MB.
System memory in use after: 113.8 MB.

Unloading 12 unused Assets to reduce memory usage. Loaded Objects now: 3533.
Total: 2.989200 ms (FindLiveObjects: 0.517500 ms CreateObjectMapping: 0.205700 ms MarkObjects: 2.207000 ms  DeleteObjects: 0.056700 ms)

========================================================================
Received Import Request.
  Time since last request: 47.738791 seconds.
  path: Assets/Script/UI/WindowUICtrl/UILogOnCtrl.cs
  artifactKey: Guid(67a04a0da7e114f4d83bea29423c0342) Importer(815301076,1909f56bfc062723c751e8b465ee728b)
Start importing Assets/Script/UI/WindowUICtrl/UILogOnCtrl.cs using Guid(67a04a0da7e114f4d83bea29423c0342) Importer(815301076,1909f56bfc062723c751e8b465ee728b)  -> (artifact id: '000096aba8e65c086984e7d2b829b436') in 0.011562 seconds 
========================================================================
Received Prepare
Registering precompiled user dll's ...
Registered in 0.008115 seconds.
Begin MonoManager ReloadAssembly
Native extension for WindowsStandalone target not found
Refreshing native plugins compatible for Editor in 0.79 ms, found 2 plugins.
Preloading 0 native plugins for Editor in 0.00 ms.
Mono: successfully reloaded assembly
- Completed reload, in  1.628 seconds
Platform modules already initialized, skipping
Refreshing native plugins compatible for Editor in 0.74 ms, found 2 plugins.
Preloading 0 native plugins for Editor in 0.00 ms.
Unloading 2988 Unused Serialized files (Serialized files now loaded: 0)
System memory in use before: 113.6 MB.
System memory in use after: 113.8 MB.

Unloading 12 unused Assets to reduce memory usage. Loaded Objects now: 3536.
Total: 2.860900 ms (FindLiveObjects: 0.331000 ms CreateObjectMapping: 0.226400 ms MarkObjects: 2.278300 ms  DeleteObjects: 0.023700 ms)

========================================================================
Received Prepare
Registering precompiled user dll's ...
Registered in 0.006085 seconds.
Begin MonoManager ReloadAssembly
Native extension for WindowsStandalone target not found
Refreshing native plugins compatible for Editor in 0.64 ms, found 2 plugins.
Preloading 0 native plugins for Editor in 0.00 ms.
Mono: successfully reloaded assembly
- Completed reload, in  1.201 seconds
Platform modules already initialized, skipping
Refreshing native plugins compatible for Editor in 0.65 ms, found 2 plugins.
Preloading 0 native plugins for Editor in 0.00 ms.
Unloading 2988 Unused Serialized files (Serialized files now loaded: 0)
System memory in use before: 113.6 MB.
System memory in use after: 113.8 MB.

Unloading 12 unused Assets to reduce memory usage. Loaded Objects now: 3539.
Total: 3.450300 ms (FindLiveObjects: 0.859100 ms CreateObjectMapping: 0.287800 ms MarkObjects: 2.248500 ms  DeleteObjects: 0.053300 ms)

========================================================================
Received Prepare
Registering precompiled user dll's ...
Registered in 0.007391 seconds.
Begin MonoManager ReloadAssembly
Native extension for WindowsStandalone target not found
Refreshing native plugins compatible for Editor in 0.66 ms, found 2 plugins.
Preloading 0 native plugins for Editor in 0.00 ms.
Mono: successfully reloaded assembly
- Completed reload, in  2.167 seconds
Platform modules already initialized, skipping
Refreshing native plugins compatible for Editor in 0.66 ms, found 2 plugins.
Preloading 0 native plugins for Editor in 0.00 ms.
Unloading 2988 Unused Serialized files (Serialized files now loaded: 0)
System memory in use before: 113.6 MB.
System memory in use after: 113.8 MB.

Unloading 12 unused Assets to reduce memory usage. Loaded Objects now: 3542.
Total: 3.116500 ms (FindLiveObjects: 0.522100 ms CreateObjectMapping: 0.264700 ms MarkObjects: 2.299200 ms  DeleteObjects: 0.028200 ms)

========================================================================
Received Prepare
Registering precompiled user dll's ...
Registered in 0.007917 seconds.
Begin MonoManager ReloadAssembly
Native extension for WindowsStandalone target not found
Refreshing native plugins compatible for Editor in 0.87 ms, found 2 plugins.
Preloading 0 native plugins for Editor in 0.00 ms.
Mono: successfully reloaded assembly
- Completed reload, in  1.530 seconds
Platform modules already initialized, skipping
Refreshing native plugins compatible for Editor in 0.82 ms, found 2 plugins.
Preloading 0 native plugins for Editor in 0.00 ms.
Unloading 2988 Unused Serialized files (Serialized files now loaded: 0)
System memory in use before: 113.6 MB.
System memory in use after: 113.8 MB.

Unloading 12 unused Assets to reduce memory usage. Loaded Objects now: 3545.
Total: 3.655500 ms (FindLiveObjects: 0.778600 ms CreateObjectMapping: 0.552400 ms MarkObjects: 2.301500 ms  DeleteObjects: 0.020700 ms)

========================================================================
Received Prepare
Registering precompiled user dll's ...
Registered in 0.006193 seconds.
Begin MonoManager ReloadAssembly
Native extension for WindowsStandalone target not found
Refreshing native plugins compatible for Editor in 2.13 ms, found 2 plugins.
Preloading 0 native plugins for Editor in 0.00 ms.
Mono: successfully reloaded assembly
- Completed reload, in  1.206 seconds
Platform modules already initialized, skipping
Refreshing native plugins compatible for Editor in 0.62 ms, found 2 plugins.
Preloading 0 native plugins for Editor in 0.00 ms.
Unloading 2988 Unused Serialized files (Serialized files now loaded: 0)
System memory in use before: 113.6 MB.
System memory in use after: 113.8 MB.

Unloading 12 unused Assets to reduce memory usage. Loaded Objects now: 3548.
Total: 3.152200 ms (FindLiveObjects: 0.579100 ms CreateObjectMapping: 0.210100 ms MarkObjects: 2.334900 ms  DeleteObjects: 0.026800 ms)

========================================================================
Received Prepare
Registering precompiled user dll's ...
Registered in 0.009337 seconds.
Begin MonoManager ReloadAssembly
Native extension for WindowsStandalone target not found
Refreshing native plugins compatible for Editor in 1.20 ms, found 2 plugins.
Preloading 0 native plugins for Editor in 0.00 ms.
Mono: successfully reloaded assembly
- Completed reload, in  1.671 seconds
Platform modules already initialized, skipping
Refreshing native plugins compatible for Editor in 0.98 ms, found 2 plugins.
Preloading 0 native plugins for Editor in 0.00 ms.
Unloading 2988 Unused Serialized files (Serialized files now loaded: 0)
System memory in use before: 113.6 MB.
System memory in use after: 113.9 MB.

Unloading 12 unused Assets to reduce memory usage. Loaded Objects now: 3551.
Total: 5.515300 ms (FindLiveObjects: 0.581900 ms CreateObjectMapping: 0.240800 ms MarkObjects: 4.651800 ms  DeleteObjects: 0.038600 ms)

========================================================================
Received Import Request.
  Time since last request: 771.929176 seconds.
  path: Assets/Script/Core/UIBase.cs
  artifactKey: Guid(bd6ee32f345356c4c956fa268dd5c6e6) Importer(815301076,1909f56bfc062723c751e8b465ee728b)
Start importing Assets/Script/Core/UIBase.cs using Guid(bd6ee32f345356c4c956fa268dd5c6e6) Importer(815301076,1909f56bfc062723c751e8b465ee728b)  -> (artifact id: '291506957410d1f51d4dd242f9f4d85f') in 0.017567 seconds 
========================================================================
Received Prepare
Registering precompiled user dll's ...
Registered in 0.006324 seconds.
Begin MonoManager ReloadAssembly
Native extension for WindowsStandalone target not found
Refreshing native plugins compatible for Editor in 0.68 ms, found 2 plugins.
Preloading 0 native plugins for Editor in 0.00 ms.
Mono: successfully reloaded assembly
- Completed reload, in  1.518 seconds
Platform modules already initialized, skipping
Refreshing native plugins compatible for Editor in 0.62 ms, found 2 plugins.
Preloading 0 native plugins for Editor in 0.00 ms.
Unloading 2988 Unused Serialized files (Serialized files now loaded: 0)
System memory in use before: 113.6 MB.
System memory in use after: 113.9 MB.

Unloading 12 unused Assets to reduce memory usage. Loaded Objects now: 3554.
Total: 4.512200 ms (FindLiveObjects: 0.393900 ms CreateObjectMapping: 0.204300 ms MarkObjects: 3.889500 ms  DeleteObjects: 0.022800 ms)

========================================================================
Received Import Request.
  Time since last request: 629.716536 seconds.
  path: Assets/Script/Core/UIBase.cs
  artifactKey: Guid(bd6ee32f345356c4c956fa268dd5c6e6) Importer(815301076,1909f56bfc062723c751e8b465ee728b)
Start importing Assets/Script/Core/UIBase.cs using Guid(bd6ee32f345356c4c956fa268dd5c6e6) Importer(815301076,1909f56bfc062723c751e8b465ee728b)  -> (artifact id: 'ec36defc4ff3a1e9a8046cae15b68840') in 0.009037 seconds 
========================================================================
Received Prepare
Registering precompiled user dll's ...
Registered in 0.006077 seconds.
Begin MonoManager ReloadAssembly
Native extension for WindowsStandalone target not found
Refreshing native plugins compatible for Editor in 0.68 ms, found 2 plugins.
Preloading 0 native plugins for Editor in 0.00 ms.
Mono: successfully reloaded assembly
- Completed reload, in  1.429 seconds
Platform modules already initialized, skipping
Refreshing native plugins compatible for Editor in 0.75 ms, found 2 plugins.
Preloading 0 native plugins for Editor in 0.00 ms.
Unloading 2988 Unused Serialized files (Serialized files now loaded: 0)
System memory in use before: 113.6 MB.
System memory in use after: 113.9 MB.

Unloading 12 unused Assets to reduce memory usage. Loaded Objects now: 3557.
Total: 2.923200 ms (FindLiveObjects: 0.465700 ms CreateObjectMapping: 0.243400 ms MarkObjects: 2.175300 ms  DeleteObjects: 0.036400 ms)

========================================================================
Received Prepare
Registering precompiled user dll's ...
Registered in 0.008726 seconds.
Begin MonoManager ReloadAssembly
Native extension for WindowsStandalone target not found
Refreshing native plugins compatible for Editor in 0.58 ms, found 2 plugins.
Preloading 0 native plugins for Editor in 0.00 ms.
Mono: successfully reloaded assembly
- Completed reload, in  1.355 seconds
Platform modules already initialized, skipping
Refreshing native plugins compatible for Editor in 0.80 ms, found 2 plugins.
Preloading 0 native plugins for Editor in 0.00 ms.
Unloading 2988 Unused Serialized files (Serialized files now loaded: 0)
System memory in use before: 113.6 MB.
System memory in use after: 113.9 MB.

Unloading 12 unused Assets to reduce memory usage. Loaded Objects now: 3560.
Total: 3.533600 ms (FindLiveObjects: 0.474400 ms CreateObjectMapping: 0.242400 ms MarkObjects: 2.789900 ms  DeleteObjects: 0.024900 ms)

========================================================================
Received Import Request.
  Time since last request: 264.986111 seconds.
  path: Assets/Script/UI/SceneUICtrl/UISceneLogOnCtrl.cs
  artifactKey: Guid(216a8ee0ee05a334988922ae720e6ba0) Importer(815301076,1909f56bfc062723c751e8b465ee728b)
Start importing Assets/Script/UI/SceneUICtrl/UISceneLogOnCtrl.cs using Guid(216a8ee0ee05a334988922ae720e6ba0) Importer(815301076,1909f56bfc062723c751e8b465ee728b)  -> (artifact id: 'a4ae7705f16bca57b94298470fbe9004') in 0.017989 seconds 
========================================================================
Received Prepare
Registering precompiled user dll's ...
Registered in 0.006310 seconds.
Begin MonoManager ReloadAssembly
Native extension for WindowsStandalone target not found
Refreshing native plugins compatible for Editor in 0.77 ms, found 2 plugins.
Preloading 0 native plugins for Editor in 0.00 ms.
Mono: successfully reloaded assembly
- Completed reload, in  1.453 seconds
Platform modules already initialized, skipping
Refreshing native plugins compatible for Editor in 0.83 ms, found 2 plugins.
Preloading 0 native plugins for Editor in 0.00 ms.
Unloading 2988 Unused Serialized files (Serialized files now loaded: 0)
System memory in use before: 113.6 MB.
System memory in use after: 113.9 MB.

Unloading 12 unused Assets to reduce memory usage. Loaded Objects now: 3563.
Total: 2.455300 ms (FindLiveObjects: 0.368800 ms CreateObjectMapping: 0.180500 ms MarkObjects: 1.843900 ms  DeleteObjects: 0.060100 ms)

========================================================================
Received Prepare
Registering precompiled user dll's ...
Registered in 0.017041 seconds.
Begin MonoManager ReloadAssembly
Native extension for WindowsStandalone target not found
Refreshing native plugins compatible for Editor in 2.55 ms, found 2 plugins.
Preloading 0 native plugins for Editor in 0.00 ms.
Mono: successfully reloaded assembly
- Completed reload, in  1.624 seconds
Platform modules already initialized, skipping
Refreshing native plugins compatible for Editor in 0.74 ms, found 2 plugins.
Preloading 0 native plugins for Editor in 0.00 ms.
Unloading 2988 Unused Serialized files (Serialized files now loaded: 0)
System memory in use before: 113.6 MB.
System memory in use after: 113.9 MB.

Unloading 12 unused Assets to reduce memory usage. Loaded Objects now: 3566.
Total: 3.633800 ms (FindLiveObjects: 0.830900 ms CreateObjectMapping: 0.360100 ms MarkObjects: 2.411900 ms  DeleteObjects: 0.028700 ms)

AssetImportWorkerClient::OnTransportError - code=2 error=End of file
